0 info it worked if it ends with ok
1 verbose cli [ '/usr/local/Cellar/node/7.5.0/bin/node',
1 verbose cli   '/usr/local/bin/npm',
1 verbose cli   'run',
1 verbose cli   'build' ]
2 info using npm@4.1.2
3 info using node@v7.5.0
4 verbose run-script [ 'prebuild', 'build', 'postbuild' ]
5 info lifecycle statuary@3.0.0~prebuild: statuary@3.0.0
6 silly lifecycle statuary@3.0.0~prebuild: no script for prebuild, continuing
7 info lifecycle statuary@3.0.0~build: statuary@3.0.0
8 verbose lifecycle statuary@3.0.0~build: unsafe-perm in lifecycle true
9 verbose lifecycle statuary@3.0.0~build: PATH: /usr/local/lib/node_modules/npm/bin/node-gyp-bin:/Users/bryanschuetz/Projects/statuary/node_modules/.bin:/usr/local/lib/node_modules/npm/bin/node-gyp-bin:/Users/bryanschuetz/Projects/statuary/node_modules/.bin:/Users/bryanschuetz/.rvm/gems/ruby-2.1.0/bin:/Users/bryanschuetz/.rvm/gems/ruby-2.1.0@global/bin:/Users/bryanschuetz/.rvm/rubies/ruby-2.1.0/bin:/Users/bryanschuetz/.rvm/bin:/usr/local/bin:/usr/local/sbin:/usr/bin:/bin:/usr/sbin:/sbin:/opt/X11/bin
10 verbose lifecycle statuary@3.0.0~build: CWD: /Users/bryanschuetz/Projects/statuary
11 silly lifecycle statuary@3.0.0~build: Args: [ '-c', 'bundle exec jekyll build --watch --incremental' ]
12 silly lifecycle statuary@3.0.0~build: Returned: code: 7  signal: null
13 info lifecycle statuary@3.0.0~build: Failed to exec build script
14 verbose stack Error: statuary@3.0.0 build: `bundle exec jekyll build --watch --incremental`
14 verbose stack Exit status 7
14 verbose stack     at EventEmitter.<anonymous> (/usr/local/lib/node_modules/npm/lib/utils/lifecycle.js:279:16)
14 verbose stack     at emitTwo (events.js:106:13)
14 verbose stack     at EventEmitter.emit (events.js:192:7)
14 verbose stack     at ChildProcess.<anonymous> (/usr/local/lib/node_modules/npm/lib/utils/spawn.js:40:14)
14 verbose stack     at emitTwo (events.js:106:13)
14 verbose stack     at ChildProcess.emit (events.js:192:7)
14 verbose stack     at maybeClose (internal/child_process.js:890:16)
14 verbose stack     at Process.ChildProcess._handle.onexit (internal/child_process.js:226:5)
15 verbose pkgid statuary@3.0.0
16 verbose cwd /Users/bryanschuetz/Projects/statuary
17 error Darwin 16.7.0
18 error argv "/usr/local/Cellar/node/7.5.0/bin/node" "/usr/local/bin/npm" "run" "build"
19 error node v7.5.0
20 error npm  v4.1.2
21 error code ELIFECYCLE
22 error statuary@3.0.0 build: `bundle exec jekyll build --watch --incremental`
22 error Exit status 7
23 error Failed at the statuary@3.0.0 build script 'bundle exec jekyll build --watch --incremental'.
23 error Make sure you have the latest version of node.js and npm installed.
23 error If you do, this is most likely a problem with the statuary package,
23 error not with npm itself.
23 error Tell the author that this fails on your system:
23 error     bundle exec jekyll build --watch --incremental
23 error You can get information on how to open an issue for this project with:
23 error     npm bugs statuary
23 error Or if that isn't available, you can get their info via:
23 error     npm owner ls statuary
23 error There is likely additional logging output above.
24 verbose exit [ 1, true ]
